\BOOKMARK [0][-]{chapter.1}{\376\377\000E\000i\000g\000e\000n\000v\000a\000l\000u\000e\000s\000\040\000A\000n\000d\000\040\000E\000i\000g\000e\000n\000v\000e\000c\000t\000o\000r\000s}{}% 1
\BOOKMARK [1][-]{section.1.1}{\376\377\000D\000e\000t\000e\000r\000m\000i\000n\000a\000n\000t\000s}{chapter.1}% 2
\BOOKMARK [1][-]{section.1.2}{\376\377\000F\000i\000n\000d\000i\000n\000g\000\040\000E\000i\000g\000e\000n\000v\000a\000l\000u\000e\000s\000\040\000A\000n\000d\000\040\000E\000i\000g\000e\000n\000v\000e\000c\000t\000o\000r\000s\000\040\000F\000o\000r\000\040\000A\000\040\000G\000i\000v\000e\000n\000\040\000M\000a\000t\000r\000i\000x}{chapter.1}% 3
\BOOKMARK [1][-]{section.1.3}{\376\377\000S\000i\000m\000i\000l\000a\000r\000\040\000M\000a\000t\000r\000i\000c\000e\000s}{chapter.1}% 4
\BOOKMARK [1][-]{section.1.4}{\376\377\000P\000o\000s\000i\000t\000i\000v\000e\000\040\000D\000e\000f\000i\000n\000i\000t\000e\000\040\000M\000a\000t\000r\000i\000x}{chapter.1}% 5
\BOOKMARK [1][-]{section.1.5}{\376\377\000S\000i\000n\000g\000u\000l\000a\000r\000\040\000V\000a\000l\000u\000e\000\040\000D\000e\000c\000o\000m\000p\000o\000s\000i\000t\000i\000o\000n}{chapter.1}% 6
\BOOKMARK [2][-]{subsection.1.5.1}{\376\377\000T\000h\000e\000\040\000P\000r\000o\000c\000e\000d\000u\000r\000e\000\040\000F\000o\000r\000\040\000F\000i\000n\000d\000i\000n\000g\000\040\000T\000h\000i\000s\000\040\000D\000e\000c\000o\000m\000p\000o\000s\000i\000t\000i\000o\000n}{section.1.5}% 7
\BOOKMARK [1][-]{section.1.6}{\376\377\000I\000m\000p\000o\000r\000t\000a\000n\000t\000\040\000T\000h\000e\000o\000r\000e\000m\000s\000\040\000A\000n\000d\000\040\000L\000e\000m\000m\000a\000s}{chapter.1}% 8
\BOOKMARK [1][-]{section.1.7}{\376\377\000I\000n\000n\000e\000r\000\040\000P\000r\000o\000d\000u\000c\000t\000s\000\040\000F\000o\000r\000\040\000F\000u\000n\000c\000t\000i\000o\000n\000s}{chapter.1}% 9
\BOOKMARK [1][-]{section.1.8}{\376\377\000F\000o\000u\000r\000i\000e\000r\000\040\000S\000e\000r\000i\000e\000s}{chapter.1}% 10
\BOOKMARK [1][-]{section.1.9}{\376\377\000C\000h\000a\000n\000g\000e\000\040\000O\000f\000\040\000S\000c\000a\000l\000e}{chapter.1}% 11
\BOOKMARK [1][-]{section.1.10}{\376\377\000O\000d\000d\000\040\000A\000n\000d\000\040\000E\000v\000e\000n\000\040\000F\000u\000n\000c\000t\000i\000o\000n\000s}{chapter.1}% 12
\BOOKMARK [1][-]{section.1.11}{\376\377\000D\000i\000f\000f\000e\000r\000e\000n\000t\000i\000a\000t\000i\000o\000n\000\040\000A\000n\000d\000\040\000I\000n\000t\000e\000g\000r\000a\000t\000i\000o\000n\000\040\000O\000f\000\040\000F\000o\000u\000r\000i\000e\000r\000\040\000S\000e\000r\000i\000e\000s}{chapter.1}% 13
\BOOKMARK [2][-]{subsection.1.11.1}{\376\377\000H\000a\000l\000f\000\040\000R\000a\000n\000g\000e\000\040\000E\000x\000p\000a\000n\000s\000i\000o\000n\000s}{section.1.11}% 14
\BOOKMARK [1][-]{section.1.12}{\376\377\000P\000i\000e\000c\000e\000w\000i\000s\000e\000\040\000C\000o\000n\000t\000i\000n\000u\000o\000u\000s\000\040\000F\000u\000n\000c\000t\000i\000o\000n\000s}{chapter.1}% 15
\BOOKMARK [1][-]{section.1.13}{\376\377\000C\000o\000m\000p\000l\000e\000x\000\040\000F\000o\000u\000r\000i\000e\000r\000\040\000S\000e\000r\000i\000e\000s}{chapter.1}% 16
\BOOKMARK [1][-]{section.1.14}{\376\377\000D\000i\000f\000f\000e\000r\000e\000n\000t\000i\000a\000t\000i\000o\000n\000\040\000A\000n\000d\000\040\000I\000n\000t\000e\000g\000r\000a\000t\000i\000o\000n}{chapter.1}% 17
\BOOKMARK [1][-]{section.1.15}{\376\377\000I\000n\000t\000e\000g\000r\000a\000t\000i\000o\000n\000\040\000F\000o\000r\000m\000u\000l\000a\000s}{chapter.1}% 18
\BOOKMARK [1][-]{section.1.16}{\376\377\000F\000o\000u\000r\000i\000e\000r\000\040\000T\000r\000a\000n\000s\000f\000o\000r\000m}{chapter.1}% 19
\BOOKMARK [2][-]{subsection.1.16.1}{\376\377\000P\000r\000o\000p\000e\000r\000t\000i\000e\000s}{section.1.16}% 20
