\BOOKMARK [0][-]{chapter.1}{\376\377\000S\000o\000l\000i\000d\000s}{}% 1
\BOOKMARK [1][-]{section.1.1}{\376\377\000M\000o\000m\000e\000n\000t\000\040\000O\000f\000\040\000A\000r\000e\000a}{chapter.1}% 2
\BOOKMARK [1][-]{section.1.2}{\376\377\000R\000e\000s\000i\000s\000t\000i\000n\000g\000\040\000F\000o\000r\000c\000e\000\040\000A\000n\000d\000\040\000M\000o\000m\000e\000n\000t\000s\000\040\000F\000r\000o\000m\000\040\000S\000u\000p\000p\000o\000r\000t\000s}{chapter.1}% 3
\BOOKMARK [1][-]{section.1.3}{\376\377\000D\000e\000r\000i\000v\000a\000t\000i\000o\000n\000\040\000O\000f\000\040\000T\000h\000e\000\040\000U\000n\000i\000a\000x\000i\000a\000l\000\040\000F\000o\000r\000m\000u\000l\000a}{chapter.1}% 4
\BOOKMARK [1][-]{section.1.4}{\376\377\000C\000o\000d\000e\000\040\000F\000o\000r\000\040\000U\000n\000i\000a\000x\000i\000a\000l\000\040\000D\000e\000f\000o\000r\000m\000a\000t\000i\000o\000n}{chapter.1}% 5
\BOOKMARK [2][-]{subsection.1.4.1}{\376\377\000F\000i\000n\000d\000i\000n\000g\000\040\000T\000h\000e\000\040\000L\000o\000c\000a\000l\000\040\000S\000t\000i\000f\000f\000n\000e\000s\000s\000\040\000M\000a\000t\000r\000i\000x}{section.1.4}% 6
\BOOKMARK [2][-]{subsection.1.4.2}{\376\377\000C\000o\000n\000v\000e\000r\000t\000i\000n\000g\000\040\000T\000h\000e\000\040\000L\000o\000c\000a\000l\000\040\000S\000t\000i\000f\000f\000n\000e\000s\000s\000\040\000T\000o\000\040\000A\000\040\000G\000l\000o\000b\000a\000l\000\040\000S\000t\000i\000f\000f\000n\000e\000s\000s\000\040\000M\000a\000t\000r\000i\000x}{section.1.4}% 7
\BOOKMARK [2][-]{subsection.1.4.3}{\376\377\000M\000a\000i\000n\000\040\000L\000o\000o\000p\000\040\000T\000h\000r\000o\000u\000g\000h\000\040\000E\000v\000a\000l\000u\000a\000t\000i\000n\000g\000\040\000T\000h\000e\000\040\000G\000l\000o\000b\000a\000l\000\040\000S\000t\000i\000f\000f\000n\000e\000s\000s\000\040\000M\000a\000t\000r\000i\000x}{section.1.4}% 8
\BOOKMARK [2][-]{subsection.1.4.4}{\376\377\000A\000p\000p\000l\000y\000i\000n\000g\000\040\000B\000o\000u\000n\000d\000a\000r\000y\000\040\000C\000o\000n\000d\000i\000t\000i\000o\000n\000s}{section.1.4}% 9
\BOOKMARK [1][-]{section.1.5}{\376\377\000D\000e\000r\000i\000v\000i\000n\000g\000\040\000F\000o\000r\000\040\000B\000e\000n\000d\000i\000n\000g\000\040\000D\000e\000f\000o\000r\000m\000a\000t\000i\000o\000n}{chapter.1}% 10
\BOOKMARK [1][-]{section.1.6}{\376\377\000Q\000u\000i\000c\000k\000\040\000R\000e\000f\000e\000r\000e\000n\000c\000e\000\040\000N\000o\000t\000e\000s}{chapter.1}% 11
\BOOKMARK [2][-]{subsection.1.6.1}{\376\377\000D\000e\000r\000i\000v\000a\000t\000i\000o\000n\000s}{section.1.6}% 12
\BOOKMARK [2][-]{subsection.1.6.2}{\376\377\000D\000e\000r\000i\000v\000i\000n\000g\000\040\000S\000t\000i\000f\000f\000n\000e\000s\000s\000\040\000M\000a\000t\000r\000i\000x}{section.1.6}% 13
\BOOKMARK [1][-]{section.1.7}{\376\377\000F\000i\000n\000a\000l\000\040\000E\000q\000u\000a\000t\000i\000o\000n}{chapter.1}% 14
\BOOKMARK [0][-]{chapter.2}{\376\377\000F\000l\000u\000i\000d\000s}{}% 15
\BOOKMARK [1][-]{section.2.1}{\376\377\000M\000a\000i\000n\000\040\000C\000o\000n\000t\000e\000n\000t\000s}{chapter.2}% 16
\BOOKMARK [1][-]{section.2.2}{\376\377\000T\000e\000r\000m\000i\000n\000o\000l\000o\000g\000y}{chapter.2}% 17
\BOOKMARK [1][-]{section.2.3}{\376\377\000D\000e\000r\000i\000v\000a\000t\000i\000o\000n\000\040\000O\000f\000\040\000E\000q\000u\000a\000t\000i\000o\000n\000s}{chapter.2}% 18
\BOOKMARK [1][-]{section.2.4}{\376\377\000R\000e\000c\000a\000l\000l}{chapter.2}% 19
\BOOKMARK [1][-]{section.2.5}{\376\377\000D\000e\000n\000s\000i\000t\000y\000\040\000A\000s\000\040\000A\000\040\000F\000u\000n\000c\000t\000i\000o\000n\000\040\000O\000f\000\040\000T\000i\000m\000e\000\040\000A\000n\000d\000\040\000P\000o\000s\000i\000t\000i\000o\000n}{chapter.2}% 20
\BOOKMARK [1][-]{section.2.6}{\376\377\000E\000x\000t\000e\000r\000n\000a\000l\000\040\000F\000o\000r\000c\000e\000s\000\040\000O\000n\000\040\000F\000l\000u\000i\000d}{chapter.2}% 21
\BOOKMARK [1][-]{section.2.7}{\376\377\000V\000a\000r\000i\000a\000t\000i\000o\000n\000\040\000o\000f\000\040\000s\000t\000r\000e\000s\000s\000\040\000a\000c\000r\000o\000s\000s\000\040\000a\000\040\000s\000m\000a\000l\000l\000\040\000d\000i\000s\000t\000a\000n\000c\000e}{chapter.2}% 22
\BOOKMARK [1][-]{section.2.8}{\376\377\000N\000a\000v\000i\000e\000r\000-\000S\000t\000o\000k\000e\000s\000\040\000E\000q\000u\000a\000t\000i\000o\000n\000\040\000F\000o\000r\000\040\000N\000e\000w\000t\000o\000n\000i\000a\000n\000\040\000I\000s\000o\000t\000r\000o\000p\000i\000c\000\040\000F\000l\000u\000i\000d\000s}{chapter.2}% 23
\BOOKMARK [1][-]{section.2.9}{\376\377\000S\000p\000e\000c\000i\000a\000l\000\040\000F\000l\000o\000w\000s}{chapter.2}% 24
\BOOKMARK [1][-]{section.2.10}{\376\377\000C\000o\000m\000p\000u\000t\000a\000t\000i\000o\000n\000a\000l\000\040\000F\000l\000u\000i\000d\000\040\000D\000y\000n\000a\000m\000i\000c\000s}{chapter.2}% 25
\BOOKMARK [2][-]{subsection.2.10.1}{\376\377\000T\000a\000y\000l\000o\000r\000\040\000S\000e\000r\000i\000e\000s}{section.2.10}% 26
\BOOKMARK [1][-]{section.2.11}{\376\377\000F\000o\000r\000\040\000U\000n\000i\000d\000i\000r\000e\000c\000t\000i\000o\000n\000a\000l\000\040\000F\000l\000o\000w}{chapter.2}% 27
